[debug] [2022-04-03T14:30:18.965Z] ----------------------------------------------------------------------
[debug] [2022-04-03T14:30:18.968Z] Command:       /home/jade/.nvm/versions/node/v12.13.0/bin/node /home/jade/.nvm/versions/node/v12.13.0/bin/firebase deploy
[debug] [2022-04-03T14:30:18.968Z] CLI Version:   10.5.0
[debug] [2022-04-03T14:30:18.968Z] Platform:      linux
[debug] [2022-04-03T14:30:18.968Z] Node Version:  v12.13.0
[debug] [2022-04-03T14:30:18.969Z] Time:          Sun Apr 03 2022 18:30:18 GMT+0400 (GMT+04:00)
[debug] [2022-04-03T14:30:18.969Z] ----------------------------------------------------------------------
[debug] 
[debug] [2022-04-03T14:30:19.039Z] > command requires scopes: ["email","openid","https://www.googleapis.com/auth/cloudplatformprojects.readonly","https://www.googleapis.com/auth/firebase","https://www.googleapis.com/auth/cloud-platform"]
[debug] [2022-04-03T14:30:19.039Z] > authorizing via signed-in user (dupont.jade@gmail.com)
[debug] [2022-04-03T14:30:19.040Z] [iam] checking project jade-dupont-portfolio for permissions ["firebase.projects.get","firebasehosting.sites.update"]
[debug] [2022-04-03T14:30:19.042Z] >>> [apiv2][query] POST https://cloudresourcemanager.googleapis.com/v1/projects/jade-dupont-portfolio:testIamPermissions [none]
[debug] [2022-04-03T14:30:19.042Z] >>> [apiv2][body] POST https://cloudresourcemanager.googleapis.com/v1/projects/jade-dupont-portfolio:testIamPermissions {"permissions":["firebase.projects.get","firebasehosting.sites.update"]}
[debug] [2022-04-03T14:30:20.431Z] <<< [apiv2][status] POST https://cloudresourcemanager.googleapis.com/v1/projects/jade-dupont-portfolio:testIamPermissions 200
[debug] [2022-04-03T14:30:20.432Z] <<< [apiv2][body] POST https://cloudresourcemanager.googleapis.com/v1/projects/jade-dupont-portfolio:testIamPermissions {"permissions":["firebase.projects.get","firebasehosting.sites.update"]}
[debug] [2022-04-03T14:30:20.434Z] >>> [apiv2][query] GET https://firebase.googleapis.com/v1beta1/projects/jade-dupont-portfolio [none]
[debug] [2022-04-03T14:30:21.191Z] <<< [apiv2][status] GET https://firebase.googleapis.com/v1beta1/projects/jade-dupont-portfolio 200
[debug] [2022-04-03T14:30:21.191Z] <<< [apiv2][body] GET https://firebase.googleapis.com/v1beta1/projects/jade-dupont-portfolio {"projectId":"jade-dupont-portfolio","projectNumber":"199011717143","displayName":"jade-dupont-portfolio","name":"projects/jade-dupont-portfolio","resources":{"hostingSite":"jade-dupont-portfolio"},"state":"ACTIVE"}
[info] 
[info] === Deploying to 'jade-dupont-portfolio'...
[info] 
[info] i  deploying hosting 
[debug] [2022-04-03T14:30:21.194Z] >>> [apiv2][query] GET https://firebase.googleapis.com/v1beta1/projects/jade-dupont-portfolio [none]
[debug] [2022-04-03T14:30:21.938Z] <<< [apiv2][status] GET https://firebase.googleapis.com/v1beta1/projects/jade-dupont-portfolio 200
[debug] [2022-04-03T14:30:21.938Z] <<< [apiv2][body] GET https://firebase.googleapis.com/v1beta1/projects/jade-dupont-portfolio {"projectId":"jade-dupont-portfolio","projectNumber":"199011717143","displayName":"jade-dupont-portfolio","name":"projects/jade-dupont-portfolio","resources":{"hostingSite":"jade-dupont-portfolio"},"state":"ACTIVE"}
[debug] [2022-04-03T14:30:21.940Z] >>> [apiv2][query] POST https://firebasehosting.googleapis.com/v1beta1/projects/199011717143/sites/jade-dupont-portfolio/versions [none]
[debug] [2022-04-03T14:30:21.940Z] >>> [apiv2][body] POST https://firebasehosting.googleapis.com/v1beta1/projects/199011717143/sites/jade-dupont-portfolio/versions {"config":{"rewrites":[{"glob":"**","path":"/index.html"}]},"labels":{"deployment-tool":"cli-firebase"}}
[debug] [2022-04-03T14:30:23.927Z] <<< [apiv2][status] POST https://firebasehosting.googleapis.com/v1beta1/projects/199011717143/sites/jade-dupont-portfolio/versions 200
[debug] [2022-04-03T14:30:23.927Z] <<< [apiv2][body] POST https://firebasehosting.googleapis.com/v1beta1/projects/199011717143/sites/jade-dupont-portfolio/versions {"name":"projects/199011717143/sites/jade-dupont-portfolio/versions/7ec65c1572599bd7","status":"CREATED","config":{"rewrites":[{"glob":"**","path":"/index.html"}]},"labels":{"deployment-tool":"cli-firebase"}}
[info] i  hosting[jade-dupont-portfolio]: beginning deploy... 
[info] i  hosting[jade-dupont-portfolio]: found 53 files in build 
[debug] [2022-04-03T14:30:23.948Z] [hosting] uploading with 200 concurrency
[debug] [2022-04-03T14:30:24.400Z] [hosting] hash cache [YnVpbGQ] stored for 53 files
[debug] [2022-04-03T14:30:24.400Z] [hosting][hash queue][FINAL] {"max":438,"min":36,"avg":107.26415094339623,"active":0,"complete":53,"success":53,"errored":0,"retried":0,"total":53,"elapsed":450}
[debug] [2022-04-03T14:30:24.401Z] >>> [apiv2][query] POST https://firebasehosting.googleapis.com/v1beta1/projects/199011717143/sites/jade-dupont-portfolio/versions/7ec65c1572599bd7:populateFiles [none]
[debug] [2022-04-03T14:30:24.401Z] >>> [apiv2][body] POST https://firebasehosting.googleapis.com/v1beta1/projects/199011717143/sites/jade-dupont-portfolio/versions/7ec65c1572599bd7:populateFiles {"files":{"/asset-manifest.json":"041d37df4f45d8e1b95933b366ed54301cd6b23754b5a74fe6cec4f06b43aa20","/favicon.ico":"8bd59be6fbe88dd1004c8b349830c3dd3fa4ac50b0a20f6bc127f7f4f7e99d53","/index.html":"ff2cf90404f6605ec8780a9644309b8c79c3b8be1fce0863d6c7273533e95708","/robots.txt":"2544ca049f223a42bff01f72ad930a5edba75bbb7199d0f8430a02ff5aca16ec","/fonts/Anonymous_Pro/OFL.txt":"031d55dbeb70db6d91df0e927175543ab7cdd3705f2c82cb09b68af88c8c58ee","/fonts/Roboto/LICENSE.txt":"4f3256417ecb0c5c8cc8eb405c40fa24387edabf7b64bb5c2c4835c3a89da4a7","/images/contact.svg":"7d56c228a81ec3d0130281d9012aa266025d28d66e55dd46489048a532c09bb6","/images/remote2.svg":"f8f500f748dcbfde018152f978a67e8d59c419ad266bc758f99e66e9e98d2f83","/images/webapp.svg":"b2e9a88eeba64bb19a3ee874dc76d7499027e71c70f63de09f5e72e7fe15b2be","/images/remote.svg":"9a6e0d3dac4a6c133be4e3a4c42cbd1da3021d102f66f9bc165b0b39da13fa2d","/images/logo/dark_logo.svg":"3a29a779c78c364121cc4240ee6c9f1ab92e1bd2297e522fabbd2d6632b858fe","/images/logo/green_logo.svg":"84775f4af3b1f3d87a9357b6f6f0e4d2cb150c262f58c33acfcd73e8e97cbb0c","/images/work/work_default.png":"52d00a4c0f3f4d7f5509a5282a55360f16501eeeb27755b7837836a8961bfc11","/static/css/main.b69031e7.css":"bb11c42efd6bbad8ed4e120dd0bcb8072f00a544189fae077d53318eb5076f15","/static/css/main.b69031e7.css.map":"44d6fcbc7dd00631dced39735ea37aa5fb83f036036b2172407533706b2e3879","/static/js/main.f5b695d7.js.LICENSE.txt":"dc53e09ad6a5627641ccd1af4979112585d9d1125d307f283bd7481435f3b6bb","/static/media/cv_fr.fd43a48119074e59248c.pdf":"fe4baa4e929cb77ab24bdac7c47b78c67bf0c503506b0c2ec32c0263351a083c","/static/media/fi-rr-chart-histogram.05a3fed0cd590c5db092d80837c1b2bf.svg":"7524286f83124518dffb0b19602705243ce0c617f972568d0520137db24a95c4","/static/media/fi-rr-chart-network.784598b1ca43625a04e7ac0f9213c079.svg":"910cff8f9f8500b3d040ffbc35cc63d5ffc4d8c033fd10053580130a5e9837df","/static/media/fi-rr-chart-pie-alt.b79d07c79fa753503582469f9921d203.svg":"9aa7ab6f6387ec1310192dc9e8668579e3cc49057f8fc0bd12e16706833c533c","/static/media/fi-rr-download.3668d7d49ed3850af7c2d24ada949287.svg":"6a50faa1dfd8b54ac34192734f333698e4429ff183d113702b8d6e349375dac4","/static/media/fi-rr-rocket.ca8a96db6f2a0dec9eba7b114b2a93c2.svg":"69b18f0b453bfcdc1bb2d457ec2fd22e07ffad3a69dfd531b8da956bb374589d","/static/media/projet1.996cb1d1e9c47cfe8d92.jpg":"ce02b4cc32e60411bfaeb2a7c2b2a069d99a8e8aab5edfc5a120886fa1e24431","/fonts/Anonymous_Pro/AnonymousPro-Italic.ttf":"dc1e3d8402019ba951b9818d3fcfbbfa756b14192cbe232b6b574c16447a9428","/fonts/Anonymous_Pro/AnonymousPro-BoldItalic.ttf":"dd1489a2739d0f91dde17e88b3d8f75257390623ee2afad313b1cd8480f39bdb","/fonts/Anonymous_Pro/AnonymousPro-Bold.ttf":"19267642a8597acaedd7ec440683201d26f313deb85fb216568760fb4eae10dc","/static/media/projet3.8e4c42a2e3d139f42d2f.jpg":"2733db0ce062f5198d34ac79a3a50f8b023ed573c2efba3ffd2d9175364dad67","/fonts/Anonymous_Pro/AnonymousPro-Regular.ttf":"d3f7efdc5169e7933d57363afff95e7ffc149881b1f55e58125c953652b0f3ce","/images/work/work_gina.png":"606da29717fe935e3927aa3d2952ad80657a01f4ce0ab140b769361e50d50b23","/static/media/projet2.f236d9f462e3ec0969fe.jpg":"9294b2b04ef94a8173c6c307272d8f1a550a1cf7e23a5d1cb2e1be1d6c4d94db","/fonts/Roboto/Roboto-Italic.ttf":"12f52b5b7d34b079c9167ec0db875b4a834b63eafe17f62099a66d36856e683f","/fonts/Roboto/Roboto-Medium.ttf":"0630261d11811753b5a668a22422cc544f615a2fe7321e8bc3e721108d0c4d9c","/fonts/Roboto/Roboto-LightItalic.ttf":"ac3cd81228abb1a0723a149258ed6b0bbf2c6fcfb428c1c21f7bb8ba98cd4c06","/fonts/Roboto/Roboto-BoldItalic.ttf":"fe26d929489bad417adc83a610fbb7b344405b4067e0a5109b7038d95c60c52d","/fonts/Roboto/Roboto-Light.ttf":"f62262a7a8dded11e8ecf5db2dfc39d4cee5adc815c9c3756609c07a5831b68d","/fonts/Roboto/Roboto-MediumItalic.ttf":"fd57cd3938a82a0758bde303b47f28f5f08b39d5a88103a5e5c0fe68450fd050","/fonts/Roboto/Roboto-Black.ttf":"1319e76e3e41e8f359a4d4e8e6683c9093a8c586473052f6f648a555b05bfe2f","/fonts/Roboto/Roboto-Regular.ttf":"6ff28369f7096d705e3e7af0de547c3f1f6c2d1c42829bed6c0bd8da685f54eb","/fonts/Roboto/Roboto-BlackItalic.ttf":"c5201be859443593bfb44ce6d6df72e07683b83dc760d16b220e8db0102f4767","/fonts/Roboto/Roboto-ThinItalic.ttf":"aedba65aeb41aa147ed3c08f5145ec87952217b530e5872afd1daf0ffbe09a51","/fonts/Roboto/Roboto-Thin.ttf":"bcf229894f2fb8fdbfb7685b373866eb028ab89ce1214b131b4ebc43e1dc49ec","/fonts/Roboto/Roboto-Bold.ttf":"4bebe96f5fd8abda83476dbcd849b9cd7c2a17325e47d74bb540c88457613ec5","/static/media/projet4.84f860c5567a9d254ea0.jpg":"5346e0c01088e7337a4c9f17745db043aaa9afe89176d25dd552b7d5cc52f5a2","/static/js/main.f5b695d7.js":"2d397518b8144bd4e46e2b622caf314612cde9e9c06e622660ae7675c1c164a7","/images/work/work_sezam2.png":"7f417d8b621970212974f5e4b5ec7e215ac398943f066e42a99fb5526550dc7e","/images/work/work_CV.PNG":"af90840303c41972e768aaf3d1231c6f2ca01a4769fc41f08336a9f8989eef56","/images/work/work_auction.PNG":"44556b6c5724bf3909a1402e18e209524491ae24ea930dce55eacd2582f5a15c","/images/work/work_local.PNG":"0c79fd52a64e56c8d6feb7a64d7c27f393e072ec4fea132b3b248a052ab3c7a4","/images/work/work_sezam.png":"fe0619bfd2f4716eac00e1298e8d33732fcb9a8b66d210756759e577980e34b1","/images/work/work_yuzuki2.PNG":"c7712b1f1fa37d90ecad7c8e75864debf493a6afa97576d85261e102b6a5abf5","/images/work/work_yuzuki.PNG":"a5a1112d51b047ac288300d0a48708550b5220e2436f8ca6a9e298e9a60b754b","/images/work/work_surfcamp.PNG":"acc4fe217108d93aae2705168fcad048a3fcc35c3babd4bd11066723ea4b5e15","/static/js/main.f5b695d7.js.map":"2d6443926aa7b2155653a35a15ad5c920648ed0eb004fce2e72eeac6ce651afd"}}
[debug] [2022-04-03T14:30:26.037Z] <<< [apiv2][status] POST https://firebasehosting.googleapis.com/v1beta1/projects/199011717143/sites/jade-dupont-portfolio/versions/7ec65c1572599bd7:populateFiles 200
[debug] [2022-04-03T14:30:26.038Z] <<< [apiv2][body] POST https://firebasehosting.googleapis.com/v1beta1/projects/199011717143/sites/jade-dupont-portfolio/versions/7ec65c1572599bd7:populateFiles {"uploadRequiredHashes":["031d55dbeb70db6d91df0e927175543ab7cdd3705f2c82cb09b68af88c8c58ee","4f3256417ecb0c5c8cc8eb405c40fa24387edabf7b64bb5c2c4835c3a89da4a7","5346e0c01088e7337a4c9f17745db043aaa9afe89176d25dd552b7d5cc52f5a2","52d00a4c0f3f4d7f5509a5282a55360f16501eeeb27755b7837836a8961bfc11","12f52b5b7d34b079c9167ec0db875b4a834b63eafe17f62099a66d36856e683f","b2e9a88eeba64bb19a3ee874dc76d7499027e71c70f63de09f5e72e7fe15b2be","6ff28369f7096d705e3e7af0de547c3f1f6c2d1c42829bed6c0bd8da685f54eb","7d56c228a81ec3d0130281d9012aa266025d28d66e55dd46489048a532c09bb6","a5a1112d51b047ac288300d0a48708550b5220e2436f8ca6a9e298e9a60b754b","3a29a779c78c364121cc4240ee6c9f1ab92e1bd2297e522fabbd2d6632b858fe","ff2cf90404f6605ec8780a9644309b8c79c3b8be1fce0863d6c7273533e95708","fe0619bfd2f4716eac00e1298e8d33732fcb9a8b66d210756759e577980e34b1","2d397518b8144bd4e46e2b622caf314612cde9e9c06e622660ae7675c1c164a7","bb11c42efd6bbad8ed4e120dd0bcb8072f00a544189fae077d53318eb5076f15","1319e76e3e41e8f359a4d4e8e6683c9093a8c586473052f6f648a555b05bfe2f","c7712b1f1fa37d90ecad7c8e75864debf493a6afa97576d85261e102b6a5abf5","0630261d11811753b5a668a22422cc544f615a2fe7321e8bc3e721108d0c4d9c","fe4baa4e929cb77ab24bdac7c47b78c67bf0c503506b0c2ec32c0263351a083c","2544ca049f223a42bff01f72ad930a5edba75bbb7199d0f8430a02ff5aca16ec","0c79fd52a64e56c8d6feb7a64d7c27f393e072ec4fea132b3b248a052ab3c7a4","dd1489a2739d0f91dde17e88b3d8f75257390623ee2afad313b1cd8480f39bdb","ce02b4cc32e60411bfaeb2a7c2b2a069d99a8e8aab5edfc5a120886fa1e24431","d3f7efdc5169e7933d57363afff95e7ffc149881b1f55e58125c953652b0f3ce","fe26d929489bad417adc83a610fbb7b344405b4067e0a5109b7038d95c60c52d","44d6fcbc7dd00631dced39735ea37aa5fb83f036036b2172407533706b2e3879","84775f4af3b1f3d87a9357b6f6f0e4d2cb150c262f58c33acfcd73e8e97cbb0c","c5201be859443593bfb44ce6d6df72e07683b83dc760d16b220e8db0102f4767","9294b2b04ef94a8173c6c307272d8f1a550a1cf7e23a5d1cb2e1be1d6c4d94db","f8f500f748dcbfde018152f978a67e8d59c419ad266bc758f99e66e9e98d2f83","aedba65aeb41aa147ed3c08f5145ec87952217b530e5872afd1daf0ffbe09a51","af90840303c41972e768aaf3d1231c6f2ca01a4769fc41f08336a9f8989eef56","fd57cd3938a82a0758bde303b47f28f5f08b39d5a88103a5e5c0fe68450fd050","4bebe96f5fd8abda83476dbcd849b9cd7c2a17325e47d74bb540c88457613ec5","8bd59be6fbe88dd1004c8b349830c3dd3fa4ac50b0a20f6bc127f7f4f7e99d53","041d37df4f45d8e1b95933b366ed54301cd6b23754b5a74fe6cec4f06b43aa20","7f417d8b621970212974f5e4b5ec7e215ac398943f066e42a99fb5526550dc7e","bcf229894f2fb8fdbfb7685b373866eb028ab89ce1214b131b4ebc43e1dc49ec","9a6e0d3dac4a6c133be4e3a4c42cbd1da3021d102f66f9bc165b0b39da13fa2d","69b18f0b453bfcdc1bb2d457ec2fd22e07ffad3a69dfd531b8da956bb374589d","dc53e09ad6a5627641ccd1af4979112585d9d1125d307f283bd7481435f3b6bb","9aa7ab6f6387ec1310192dc9e8668579e3cc49057f8fc0bd12e16706833c533c","ac3cd81228abb1a0723a149258ed6b0bbf2c6fcfb428c1c21f7bb8ba98cd4c06","7524286f83124518dffb0b19602705243ce0c617f972568d0520137db24a95c4","910cff8f9f8500b3d040ffbc35cc63d5ffc4d8c033fd10053580130a5e9837df","dc1e3d8402019ba951b9818d3fcfbbfa756b14192cbe232b6b574c16447a9428","2d6443926aa7b2155653a35a15ad5c920648ed0eb004fce2e72eeac6ce651afd","6a50faa1dfd8b54ac34192734f333698e4429ff183d113702b8d6e349375dac4","f62262a7a8dded11e8ecf5db2dfc39d4cee5adc815c9c3756609c07a5831b68d","19267642a8597acaedd7ec440683201d26f313deb85fb216568760fb4eae10dc","acc4fe217108d93aae2705168fcad048a3fcc35c3babd4bd11066723ea4b5e15","2733db0ce062f5198d34ac79a3a50f8b023ed573c2efba3ffd2d9175364dad67","44556b6c5724bf3909a1402e18e209524491ae24ea930dce55eacd2582f5a15c","606da29717fe935e3927aa3d2952ad80657a01f4ce0ab140b769361e50d50b23"],"uploadUrl":"https://upload-firebasehosting.googleapis.com/upload/sites/jade-dupont-portfolio/versions/7ec65c1572599bd7/files"}
[debug] [2022-04-03T14:30:26.046Z] >>> [apiv2][query] POST https://upload-firebasehosting.googleapis.com/upload/sites/jade-dupont-portfolio/versions/7ec65c1572599bd7/files/031d55dbeb70db6d91df0e927175543ab7cdd3705f2c82cb09b68af88c8c58ee [none]
[debug] [2022-04-03T14:30:26.046Z] >>> [apiv2][body] POST https://upload-firebasehosting.googleapis.com/upload/sites/jade-dupont-portfolio/versions/7ec65c1572599bd7/files/031d55dbeb70db6d91df0e927175543ab7cdd3705f2c82cb09b68af88c8c58ee [stream]
[debug] [2022-04-03T14:30:26.047Z] >>> [apiv2][query] POST https://upload-firebasehosting.googleapis.com/upload/sites/jade-dupont-portfolio/versions/7ec65c1572599bd7/files/4f3256417ecb0c5c8cc8eb405c40fa24387edabf7b64bb5c2c4835c3a89da4a7 [none]
[debug] [2022-04-03T14:30:26.047Z] >>> [apiv2][body] POST https://upload-firebasehosting.googleapis.com/upload/sites/jade-dupont-portfolio/versions/7ec65c1572599bd7/files/4f3256417ecb0c5c8cc8eb405c40fa24387edabf7b64bb5c2c4835c3a89da4a7 [stream]
[debug] [2022-04-03T14:30:26.048Z] >>> [apiv2][query] POST https://upload-firebasehosting.googleapis.com/upload/sites/jade-dupont-portfolio/versions/7ec65c1572599bd7/files/5346e0c01088e7337a4c9f17745db043aaa9afe89176d25dd552b7d5cc52f5a2 [none]
[debug] [2022-04-03T14:30:26.048Z] >>> [apiv2][body] POST https://upload-firebasehosting.googleapis.com/upload/sites/jade-dupont-portfolio/versions/7ec65c1572599bd7/files/5346e0c01088e7337a4c9f17745db043aaa9afe89176d25dd552b7d5cc52f5a2 [stream]
[debug] [2022-04-03T14:30:26.049Z] >>> [apiv2][query] POST https://upload-firebasehosting.googleapis.com/upload/sites/jade-dupont-portfolio/versions/7ec65c1572599bd7/files/52d00a4c0f3f4d7f5509a5282a55360f16501eeeb27755b7837836a8961bfc11 [none]
[debug] [2022-04-03T14:30:26.049Z] >>> [apiv2][body] POST https://upload-firebasehosting.googleapis.com/upload/sites/jade-dupont-portfolio/versions/7ec65c1572599bd7/files/52d00a4c0f3f4d7f5509a5282a55360f16501eeeb27755b7837836a8961bfc11 [stream]
[debug] [2022-04-03T14:30:26.050Z] >>> [apiv2][query] POST https://upload-firebasehosting.googleapis.com/upload/sites/jade-dupont-portfolio/versions/7ec65c1572599bd7/files/12f52b5b7d34b079c9167ec0db875b4a834b63eafe17f62099a66d36856e683f [none]
[debug] [2022-04-03T14:30:26.050Z] >>> [apiv2][body] POST https://upload-firebasehosting.googleapis.com/upload/sites/jade-dupont-portfolio/versions/7ec65c1572599bd7/files/12f52b5b7d34b079c9167ec0db875b4a834b63eafe17f62099a66d36856e683f [stream]
[debug] [2022-04-03T14:30:26.051Z] >>> [apiv2][query] POST https://upload-firebasehosting.googleapis.com/upload/sites/jade-dupont-portfolio/versions/7ec65c1572599bd7/files/b2e9a88eeba64bb19a3ee874dc76d7499027e71c70f63de09f5e72e7fe15b2be [none]
[debug] [2022-04-03T14:30:26.051Z] >>> [apiv2][body] POST https://upload-firebasehosting.googleapis.com/upload/sites/jade-dupont-portfolio/versions/7ec65c1572599bd7/files/b2e9a88eeba64bb19a3ee874dc76d7499027e71c70f63de09f5e72e7fe15b2be [stream]
[debug] [2022-04-03T14:30:26.052Z] >>> [apiv2][query] POST https://upload-firebasehosting.googleapis.com/upload/sites/jade-dupont-portfolio/versions/7ec65c1572599bd7/files/6ff28369f7096d705e3e7af0de547c3f1f6c2d1c42829bed6c0bd8da685f54eb [none]
[debug] [2022-04-03T14:30:26.052Z] >>> [apiv2][body] POST https://upload-firebasehosting.googleapis.com/upload/sites/jade-dupont-portfolio/versions/7ec65c1572599bd7/files/6ff28369f7096d705e3e7af0de547c3f1f6c2d1c42829bed6c0bd8da685f54eb [stream]
[debug] [2022-04-03T14:30:26.052Z] >>> [apiv2][query] POST https://upload-firebasehosting.googleapis.com/upload/sites/jade-dupont-portfolio/versions/7ec65c1572599bd7/files/7d56c228a81ec3d0130281d9012aa266025d28d66e55dd46489048a532c09bb6 [none]
[debug] [2022-04-03T14:30:26.053Z] >>> [apiv2][body] POST https://upload-firebasehosting.googleapis.com/upload/sites/jade-dupont-portfolio/versions/7ec65c1572599bd7/files/7d56c228a81ec3d0130281d9012aa266025d28d66e55dd46489048a532c09bb6 [stream]
[debug] [2022-04-03T14:30:26.053Z] >>> [apiv2][query] POST https://upload-firebasehosting.googleapis.com/upload/sites/jade-dupont-portfolio/versions/7ec65c1572599bd7/files/a5a1112d51b047ac288300d0a48708550b5220e2436f8ca6a9e298e9a60b754b [none]
[debug] [2022-04-03T14:30:26.053Z] >>> [apiv2][body] POST https://upload-firebasehosting.googleapis.com/upload/sites/jade-dupont-portfolio/versions/7ec65c1572599bd7/files/a5a1112d51b047ac288300d0a48708550b5220e2436f8ca6a9e298e9a60b754b [stream]
[debug] [2022-04-03T14:30:26.054Z] >>> [apiv2][query] POST https://upload-firebasehosting.googleapis.com/upload/sites/jade-dupont-portfolio/versions/7ec65c1572599bd7/files/3a29a779c78c364121cc4240ee6c9f1ab92e1bd2297e522fabbd2d6632b858fe [none]
[debug] [2022-04-03T14:30:26.054Z] >>> [apiv2][body] POST https://upload-firebasehosting.googleapis.com/upload/sites/jade-dupont-portfolio/versions/7ec65c1572599bd7/files/3a29a779c78c364121cc4240ee6c9f1ab92e1bd2297e522fabbd2d6632b858fe [stream]
[debug] [2022-04-03T14:30:26.055Z] >>> [apiv2][query] POST https://upload-firebasehosting.googleapis.com/upload/sites/jade-dupont-portfolio/versions/7ec65c1572599bd7/files/ff2cf90404f6605ec8780a9644309b8c79c3b8be1fce0863d6c7273533e95708 [none]
[debug] [2022-04-03T14:30:26.055Z] >>> [apiv2][body] POST https://upload-firebasehosting.googleapis.com/upload/sites/jade-dupont-portfolio/versions/7ec65c1572599bd7/files/ff2cf90404f6605ec8780a9644309b8c79c3b8be1fce0863d6c7273533e95708 [stream]
[debug] [2022-04-03T14:30:26.056Z] >>> [apiv2][query] POST https://upload-firebasehosting.googleapis.com/upload/sites/jade-dupont-portfolio/versions/7ec65c1572599bd7/files/fe0619bfd2f4716eac00e1298e8d33732fcb9a8b66d210756759e577980e34b1 [none]
[debug] [2022-04-03T14:30:26.056Z] >>> [apiv2][body] POST https://upload-firebasehosting.googleapis.com/upload/sites/jade-dupont-portfolio/versions/7ec65c1572599bd7/files/fe0619bfd2f4716eac00e1298e8d33732fcb9a8b66d210756759e577980e34b1 [stream]
[debug] [2022-04-03T14:30:26.059Z] >>> [apiv2][query] POST https://upload-firebasehosting.googleapis.com/upload/sites/jade-dupont-portfolio/versions/7ec65c1572599bd7/files/2d397518b8144bd4e46e2b622caf314612cde9e9c06e622660ae7675c1c164a7 [none]
[debug] [2022-04-03T14:30:26.059Z] >>> [apiv2][body] POST https://upload-firebasehosting.googleapis.com/upload/sites/jade-dupont-portfolio/versions/7ec65c1572599bd7/files/2d397518b8144bd4e46e2b622caf314612cde9e9c06e622660ae7675c1c164a7 [stream]
[debug] [2022-04-03T14:30:26.060Z] >>> [apiv2][query] POST https://upload-firebasehosting.googleapis.com/upload/sites/jade-dupont-portfolio/versions/7ec65c1572599bd7/files/bb11c42efd6bbad8ed4e120dd0bcb8072f00a544189fae077d53318eb5076f15 [none]
[debug] [2022-04-03T14:30:26.060Z] >>> [apiv2][body] POST https://upload-firebasehosting.googleapis.com/upload/sites/jade-dupont-portfolio/versions/7ec65c1572599bd7/files/bb11c42efd6bbad8ed4e120dd0bcb8072f00a544189fae077d53318eb5076f15 [stream]
[debug] [2022-04-03T14:30:26.060Z] >>> [apiv2][query] POST https://upload-firebasehosting.googleapis.com/upload/sites/jade-dupont-portfolio/versions/7ec65c1572599bd7/files/1319e76e3e41e8f359a4d4e8e6683c9093a8c586473052f6f648a555b05bfe2f [none]
[debug] [2022-04-03T14:30:26.060Z] >>> [apiv2][body] POST https://upload-firebasehosting.googleapis.com/upload/sites/jade-dupont-portfolio/versions/7ec65c1572599bd7/files/1319e76e3e41e8f359a4d4e8e6683c9093a8c586473052f6f648a555b05bfe2f [stream]
[debug] [2022-04-03T14:30:26.061Z] >>> [apiv2][query] POST https://upload-firebasehosting.googleapis.com/upload/sites/jade-dupont-portfolio/versions/7ec65c1572599bd7/files/c7712b1f1fa37d90ecad7c8e75864debf493a6afa97576d85261e102b6a5abf5 [none]
[debug] [2022-04-03T14:30:26.061Z] >>> [apiv2][body] POST https://upload-firebasehosting.googleapis.com/upload/sites/jade-dupont-portfolio/versions/7ec65c1572599bd7/files/c7712b1f1fa37d90ecad7c8e75864debf493a6afa97576d85261e102b6a5abf5 [stream]
[debug] [2022-04-03T14:30:26.062Z] >>> [apiv2][query] POST https://upload-firebasehosting.googleapis.com/upload/sites/jade-dupont-portfolio/versions/7ec65c1572599bd7/files/0630261d11811753b5a668a22422cc544f615a2fe7321e8bc3e721108d0c4d9c [none]
[debug] [2022-04-03T14:30:26.062Z] >>> [apiv2][body] POST https://upload-firebasehosting.googleapis.com/upload/sites/jade-dupont-portfolio/versions/7ec65c1572599bd7/files/0630261d11811753b5a668a22422cc544f615a2fe7321e8bc3e721108d0c4d9c [stream]
[debug] [2022-04-03T14:30:26.063Z] >>> [apiv2][query] POST https://upload-firebasehosting.googleapis.com/upload/sites/jade-dupont-portfolio/versions/7ec65c1572599bd7/files/fe4baa4e929cb77ab24bdac7c47b78c67bf0c503506b0c2ec32c0263351a083c [none]
[debug] [2022-04-03T14:30:26.063Z] >>> [apiv2][body] POST https://upload-firebasehosting.googleapis.com/upload/sites/jade-dupont-portfolio/versions/7ec65c1572599bd7/files/fe4baa4e929cb77ab24bdac7c47b78c67bf0c503506b0c2ec32c0263351a083c [stream]
[debug] [2022-04-03T14:30:26.063Z] >>> [apiv2][query] POST https://upload-firebasehosting.googleapis.com/upload/sites/jade-dupont-portfolio/versions/7ec65c1572599bd7/files/2544ca049f223a42bff01f72ad930a5edba75bbb7199d0f8430a02ff5aca16ec [none]
[debug] [2022-04-03T14:30:26.064Z] >>> [apiv2][body] POST https://upload-firebasehosting.googleapis.com/upload/sites/jade-dupont-portfolio/versions/7ec65c1572599bd7/files/2544ca049f223a42bff01f72ad930a5edba75bbb7199d0f8430a02ff5aca16ec [stream]
[debug] [2022-04-03T14:30:26.064Z] >>> [apiv2][query] POST https://upload-firebasehosting.googleapis.com/upload/sites/jade-dupont-portfolio/versions/7ec65c1572599bd7/files/0c79fd52a64e56c8d6feb7a64d7c27f393e072ec4fea132b3b248a052ab3c7a4 [none]
[debug] [2022-04-03T14:30:26.064Z] >>> [apiv2][body] POST https://upload-firebasehosting.googleapis.com/upload/sites/jade-dupont-portfolio/versions/7ec65c1572599bd7/files/0c79fd52a64e56c8d6feb7a64d7c27f393e072ec4fea132b3b248a052ab3c7a4 [stream]
[debug] [2022-04-03T14:30:26.065Z] >>> [apiv2][query] POST https://upload-firebasehosting.googleapis.com/upload/sites/jade-dupont-portfolio/versions/7ec65c1572599bd7/files/dd1489a2739d0f91dde17e88b3d8f75257390623ee2afad313b1cd8480f39bdb [none]
[debug] [2022-04-03T14:30:26.065Z] >>> [apiv2][body] POST https://upload-firebasehosting.googleapis.com/upload/sites/jade-dupont-portfolio/versions/7ec65c1572599bd7/files/dd1489a2739d0f91dde17e88b3d8f75257390623ee2afad313b1cd8480f39bdb [stream]
[debug] [2022-04-03T14:30:26.066Z] >>> [apiv2][query] POST https://upload-firebasehosting.googleapis.com/upload/sites/jade-dupont-portfolio/versions/7ec65c1572599bd7/files/ce02b4cc32e60411bfaeb2a7c2b2a069d99a8e8aab5edfc5a120886fa1e24431 [none]
[debug] [2022-04-03T14:30:26.066Z] >>> [apiv2][body] POST https://upload-firebasehosting.googleapis.com/upload/sites/jade-dupont-portfolio/versions/7ec65c1572599bd7/files/ce02b4cc32e60411bfaeb2a7c2b2a069d99a8e8aab5edfc5a120886fa1e24431 [stream]
[debug] [2022-04-03T14:30:26.066Z] >>> [apiv2][query] POST https://upload-firebasehosting.googleapis.com/upload/sites/jade-dupont-portfolio/versions/7ec65c1572599bd7/files/d3f7efdc5169e7933d57363afff95e7ffc149881b1f55e58125c953652b0f3ce [none]
[debug] [2022-04-03T14:30:26.067Z] >>> [apiv2][body] POST https://upload-firebasehosting.googleapis.com/upload/sites/jade-dupont-portfolio/versions/7ec65c1572599bd7/files/d3f7efdc5169e7933d57363afff95e7ffc149881b1f55e58125c953652b0f3ce [stream]
[debug] [2022-04-03T14:30:26.067Z] >>> [apiv2][query] POST https://upload-firebasehosting.googleapis.com/upload/sites/jade-dupont-portfolio/versions/7ec65c1572599bd7/files/fe26d929489bad417adc83a610fbb7b344405b4067e0a5109b7038d95c60c52d [none]
[debug] [2022-04-03T14:30:26.067Z] >>> [apiv2][body] POST https://upload-firebasehosting.googleapis.com/upload/sites/jade-dupont-portfolio/versions/7ec65c1572599bd7/files/fe26d929489bad417adc83a610fbb7b344405b4067e0a5109b7038d95c60c52d [stream]
[debug] [2022-04-03T14:30:26.068Z] >>> [apiv2][query] POST https://upload-firebasehosting.googleapis.com/upload/sites/jade-dupont-portfolio/versions/7ec65c1572599bd7/files/44d6fcbc7dd00631dced39735ea37aa5fb83f036036b2172407533706b2e3879 [none]
[debug] [2022-04-03T14:30:26.068Z] >>> [apiv2][body] POST https://upload-firebasehosting.googleapis.com/upload/sites/jade-dupont-portfolio/versions/7ec65c1572599bd7/files/44d6fcbc7dd00631dced39735ea37aa5fb83f036036b2172407533706b2e3879 [stream]
[debug] [2022-04-03T14:30:26.069Z] >>> [apiv2][query] POST https://upload-firebasehosting.googleapis.com/upload/sites/jade-dupont-portfolio/versions/7ec65c1572599bd7/files/84775f4af3b1f3d87a9357b6f6f0e4d2cb150c262f58c33acfcd73e8e97cbb0c [none]
[debug] [2022-04-03T14:30:26.069Z] >>> [apiv2][body] POST https://upload-firebasehosting.googleapis.com/upload/sites/jade-dupont-portfolio/versions/7ec65c1572599bd7/files/84775f4af3b1f3d87a9357b6f6f0e4d2cb150c262f58c33acfcd73e8e97cbb0c [stream]
[debug] [2022-04-03T14:30:26.069Z] >>> [apiv2][query] POST https://upload-firebasehosting.googleapis.com/upload/sites/jade-dupont-portfolio/versions/7ec65c1572599bd7/files/c5201be859443593bfb44ce6d6df72e07683b83dc760d16b220e8db0102f4767 [none]
[debug] [2022-04-03T14:30:26.070Z] >>> [apiv2][body] POST https://upload-firebasehosting.googleapis.com/upload/sites/jade-dupont-portfolio/versions/7ec65c1572599bd7/files/c5201be859443593bfb44ce6d6df72e07683b83dc760d16b220e8db0102f4767 [stream]
[debug] [2022-04-03T14:30:26.070Z] >>> [apiv2][query] POST https://upload-firebasehosting.googleapis.com/upload/sites/jade-dupont-portfolio/versions/7ec65c1572599bd7/files/9294b2b04ef94a8173c6c307272d8f1a550a1cf7e23a5d1cb2e1be1d6c4d94db [none]
[debug] [2022-04-03T14:30:26.070Z] >>> [apiv2][body] POST https://upload-firebasehosting.googleapis.com/upload/sites/jade-dupont-portfolio/versions/7ec65c1572599bd7/files/9294b2b04ef94a8173c6c307272d8f1a550a1cf7e23a5d1cb2e1be1d6c4d94db [stream]
[debug] [2022-04-03T14:30:26.071Z] >>> [apiv2][query] POST https://upload-firebasehosting.googleapis.com/upload/sites/jade-dupont-portfolio/versions/7ec65c1572599bd7/files/f8f500f748dcbfde018152f978a67e8d59c419ad266bc758f99e66e9e98d2f83 [none]
[debug] [2022-04-03T14:30:26.071Z] >>> [apiv2][body] POST https://upload-firebasehosting.googleapis.com/upload/sites/jade-dupont-portfolio/versions/7ec65c1572599bd7/files/f8f500f748dcbfde018152f978a67e8d59c419ad266bc758f99e66e9e98d2f83 [stream]
[debug] [2022-04-03T14:30:26.072Z] >>> [apiv2][query] POST https://upload-firebasehosting.googleapis.com/upload/sites/jade-dupont-portfolio/versions/7ec65c1572599bd7/files/aedba65aeb41aa147ed3c08f5145ec87952217b530e5872afd1daf0ffbe09a51 [none]
[debug] [2022-04-03T14:30:26.072Z] >>> [apiv2][body] POST https://upload-firebasehosting.googleapis.com/upload/sites/jade-dupont-portfolio/versions/7ec65c1572599bd7/files/aedba65aeb41aa147ed3c08f5145ec87952217b530e5872afd1daf0ffbe09a51 [stream]
[debug] [2022-04-03T14:30:26.072Z] >>> [apiv2][query] POST https://upload-firebasehosting.googleapis.com/upload/sites/jade-dupont-portfolio/versions/7ec65c1572599bd7/files/af90840303c41972e768aaf3d1231c6f2ca01a4769fc41f08336a9f8989eef56 [none]
[debug] [2022-04-03T14:30:26.073Z] >>> [apiv2][body] POST https://upload-firebasehosting.googleapis.com/upload/sites/jade-dupont-portfolio/versions/7ec65c1572599bd7/files/af90840303c41972e768aaf3d1231c6f2ca01a4769fc41f08336a9f8989eef56 [stream]
[debug] [2022-04-03T14:30:26.073Z] >>> [apiv2][query] POST https://upload-firebasehosting.googleapis.com/upload/sites/jade-dupont-portfolio/versions/7ec65c1572599bd7/files/fd57cd3938a82a0758bde303b47f28f5f08b39d5a88103a5e5c0fe68450fd050 [none]
[debug] [2022-04-03T14:30:26.073Z] >>> [apiv2][body] POST https://upload-firebasehosting.googleapis.com/upload/sites/jade-dupont-portfolio/versions/7ec65c1572599bd7/files/fd57cd3938a82a0758bde303b47f28f5f08b39d5a88103a5e5c0fe68450fd050 [stream]
[debug] [2022-04-03T14:30:26.074Z] >>> [apiv2][query] POST https://upload-firebasehosting.googleapis.com/upload/sites/jade-dupont-portfolio/versions/7ec65c1572599bd7/files/4bebe96f5fd8abda83476dbcd849b9cd7c2a17325e47d74bb540c88457613ec5 [none]
[debug] [2022-04-03T14:30:26.074Z] >>> [apiv2][body] POST https://upload-firebasehosting.googleapis.com/upload/sites/jade-dupont-portfolio/versions/7ec65c1572599bd7/files/4bebe96f5fd8abda83476dbcd849b9cd7c2a17325e47d74bb540c88457613ec5 [stream]
[debug] [2022-04-03T14:30:26.075Z] >>> [apiv2][query] POST https://upload-firebasehosting.googleapis.com/upload/sites/jade-dupont-portfolio/versions/7ec65c1572599bd7/files/8bd59be6fbe88dd1004c8b349830c3dd3fa4ac50b0a20f6bc127f7f4f7e99d53 [none]
[debug] [2022-04-03T14:30:26.075Z] >>> [apiv2][body] POST https://upload-firebasehosting.googleapis.com/upload/sites/jade-dupont-portfolio/versions/7ec65c1572599bd7/files/8bd59be6fbe88dd1004c8b349830c3dd3fa4ac50b0a20f6bc127f7f4f7e99d53 [stream]
[debug] [2022-04-03T14:30:26.076Z] >>> [apiv2][query] POST https://upload-firebasehosting.googleapis.com/upload/sites/jade-dupont-portfolio/versions/7ec65c1572599bd7/files/041d37df4f45d8e1b95933b366ed54301cd6b23754b5a74fe6cec4f06b43aa20 [none]
[debug] [2022-04-03T14:30:26.076Z] >>> [apiv2][body] POST https://upload-firebasehosting.googleapis.com/upload/sites/jade-dupont-portfolio/versions/7ec65c1572599bd7/files/041d37df4f45d8e1b95933b366ed54301cd6b23754b5a74fe6cec4f06b43aa20 [stream]
[debug] [2022-04-03T14:30:26.077Z] >>> [apiv2][query] POST https://upload-firebasehosting.googleapis.com/upload/sites/jade-dupont-portfolio/versions/7ec65c1572599bd7/files/7f417d8b621970212974f5e4b5ec7e215ac398943f066e42a99fb5526550dc7e [none]
[debug] [2022-04-03T14:30:26.077Z] >>> [apiv2][body] POST https://upload-firebasehosting.googleapis.com/upload/sites/jade-dupont-portfolio/versions/7ec65c1572599bd7/files/7f417d8b621970212974f5e4b5ec7e215ac398943f066e42a99fb5526550dc7e [stream]
[debug] [2022-04-03T14:30:26.078Z] >>> [apiv2][query] POST https://upload-firebasehosting.googleapis.com/upload/sites/jade-dupont-portfolio/versions/7ec65c1572599bd7/files/bcf229894f2fb8fdbfb7685b373866eb028ab89ce1214b131b4ebc43e1dc49ec [none]
[debug] [2022-04-03T14:30:26.078Z] >>> [apiv2][body] POST https://upload-firebasehosting.googleapis.com/upload/sites/jade-dupont-portfolio/versions/7ec65c1572599bd7/files/bcf229894f2fb8fdbfb7685b373866eb028ab89ce1214b131b4ebc43e1dc49ec [stream]
[debug] [2022-04-03T14:30:26.079Z] >>> [apiv2][query] POST https://upload-firebasehosting.googleapis.com/upload/sites/jade-dupont-portfolio/versions/7ec65c1572599bd7/files/9a6e0d3dac4a6c133be4e3a4c42cbd1da3021d102f66f9bc165b0b39da13fa2d [none]
[debug] [2022-04-03T14:30:26.079Z] >>> [apiv2][body] POST https://upload-firebasehosting.googleapis.com/upload/sites/jade-dupont-portfolio/versions/7ec65c1572599bd7/files/9a6e0d3dac4a6c133be4e3a4c42cbd1da3021d102f66f9bc165b0b39da13fa2d [stream]
[debug] [2022-04-03T14:30:26.079Z] >>> [apiv2][query] POST https://upload-firebasehosting.googleapis.com/upload/sites/jade-dupont-portfolio/versions/7ec65c1572599bd7/files/69b18f0b453bfcdc1bb2d457ec2fd22e07ffad3a69dfd531b8da956bb374589d [none]
[debug] [2022-04-03T14:30:26.080Z] >>> [apiv2][body] POST https://upload-firebasehosting.googleapis.com/upload/sites/jade-dupont-portfolio/versions/7ec65c1572599bd7/files/69b18f0b453bfcdc1bb2d457ec2fd22e07ffad3a69dfd531b8da956bb374589d [stream]
[debug] [2022-04-03T14:30:26.080Z] >>> [apiv2][query] POST https://upload-firebasehosting.googleapis.com/upload/sites/jade-dupont-portfolio/versions/7ec65c1572599bd7/files/dc53e09ad6a5627641ccd1af4979112585d9d1125d307f283bd7481435f3b6bb [none]
[debug] [2022-04-03T14:30:26.080Z] >>> [apiv2][body] POST https://upload-firebasehosting.googleapis.com/upload/sites/jade-dupont-portfolio/versions/7ec65c1572599bd7/files/dc53e09ad6a5627641ccd1af4979112585d9d1125d307f283bd7481435f3b6bb [stream]
[debug] [2022-04-03T14:30:26.081Z] >>> [apiv2][query] POST https://upload-firebasehosting.googleapis.com/upload/sites/jade-dupont-portfolio/versions/7ec65c1572599bd7/files/9aa7ab6f6387ec1310192dc9e8668579e3cc49057f8fc0bd12e16706833c533c [none]
[debug] [2022-04-03T14:30:26.081Z] >>> [apiv2][body] POST https://upload-firebasehosting.googleapis.com/upload/sites/jade-dupont-portfolio/versions/7ec65c1572599bd7/files/9aa7ab6f6387ec1310192dc9e8668579e3cc49057f8fc0bd12e16706833c533c [stream]
[debug] [2022-04-03T14:30:26.081Z] >>> [apiv2][query] POST https://upload-firebasehosting.googleapis.com/upload/sites/jade-dupont-portfolio/versions/7ec65c1572599bd7/files/ac3cd81228abb1a0723a149258ed6b0bbf2c6fcfb428c1c21f7bb8ba98cd4c06 [none]
[debug] [2022-04-03T14:30:26.081Z] >>> [apiv2][body] POST https://upload-firebasehosting.googleapis.com/upload/sites/jade-dupont-portfolio/versions/7ec65c1572599bd7/files/ac3cd81228abb1a0723a149258ed6b0bbf2c6fcfb428c1c21f7bb8ba98cd4c06 [stream]
[debug] [2022-04-03T14:30:26.082Z] >>> [apiv2][query] POST https://upload-firebasehosting.googleapis.com/upload/sites/jade-dupont-portfolio/versions/7ec65c1572599bd7/files/7524286f83124518dffb0b19602705243ce0c617f972568d0520137db24a95c4 [none]
[debug] [2022-04-03T14:30:26.082Z] >>> [apiv2][body] POST https://upload-firebasehosting.googleapis.com/upload/sites/jade-dupont-portfolio/versions/7ec65c1572599bd7/files/7524286f83124518dffb0b19602705243ce0c617f972568d0520137db24a95c4 [stream]
[debug] [2022-04-03T14:30:26.083Z] >>> [apiv2][query] POST https://upload-firebasehosting.googleapis.com/upload/sites/jade-dupont-portfolio/versions/7ec65c1572599bd7/files/910cff8f9f8500b3d040ffbc35cc63d5ffc4d8c033fd10053580130a5e9837df [none]
[debug] [2022-04-03T14:30:26.083Z] >>> [apiv2][body] POST https://upload-firebasehosting.googleapis.com/upload/sites/jade-dupont-portfolio/versions/7ec65c1572599bd7/files/910cff8f9f8500b3d040ffbc35cc63d5ffc4d8c033fd10053580130a5e9837df [stream]
[debug] [2022-04-03T14:30:26.083Z] >>> [apiv2][query] POST https://upload-firebasehosting.googleapis.com/upload/sites/jade-dupont-portfolio/versions/7ec65c1572599bd7/files/dc1e3d8402019ba951b9818d3fcfbbfa756b14192cbe232b6b574c16447a9428 [none]
[debug] [2022-04-03T14:30:26.083Z] >>> [apiv2][body] POST https://upload-firebasehosting.googleapis.com/upload/sites/jade-dupont-portfolio/versions/7ec65c1572599bd7/files/dc1e3d8402019ba951b9818d3fcfbbfa756b14192cbe232b6b574c16447a9428 [stream]
[debug] [2022-04-03T14:30:26.084Z] >>> [apiv2][query] POST https://upload-firebasehosting.googleapis.com/upload/sites/jade-dupont-portfolio/versions/7ec65c1572599bd7/files/2d6443926aa7b2155653a35a15ad5c920648ed0eb004fce2e72eeac6ce651afd [none]
[debug] [2022-04-03T14:30:26.084Z] >>> [apiv2][body] POST https://upload-firebasehosting.googleapis.com/upload/sites/jade-dupont-portfolio/versions/7ec65c1572599bd7/files/2d6443926aa7b2155653a35a15ad5c920648ed0eb004fce2e72eeac6ce651afd [stream]
[debug] [2022-04-03T14:30:26.085Z] >>> [apiv2][query] POST https://upload-firebasehosting.googleapis.com/upload/sites/jade-dupont-portfolio/versions/7ec65c1572599bd7/files/6a50faa1dfd8b54ac34192734f333698e4429ff183d113702b8d6e349375dac4 [none]
[debug] [2022-04-03T14:30:26.085Z] >>> [apiv2][body] POST https://upload-firebasehosting.googleapis.com/upload/sites/jade-dupont-portfolio/versions/7ec65c1572599bd7/files/6a50faa1dfd8b54ac34192734f333698e4429ff183d113702b8d6e349375dac4 [stream]
[debug] [2022-04-03T14:30:26.085Z] >>> [apiv2][query] POST https://upload-firebasehosting.googleapis.com/upload/sites/jade-dupont-portfolio/versions/7ec65c1572599bd7/files/f62262a7a8dded11e8ecf5db2dfc39d4cee5adc815c9c3756609c07a5831b68d [none]
[debug] [2022-04-03T14:30:26.085Z] >>> [apiv2][body] POST https://upload-firebasehosting.googleapis.com/upload/sites/jade-dupont-portfolio/versions/7ec65c1572599bd7/files/f62262a7a8dded11e8ecf5db2dfc39d4cee5adc815c9c3756609c07a5831b68d [stream]
[debug] [2022-04-03T14:30:26.086Z] >>> [apiv2][query] POST https://upload-firebasehosting.googleapis.com/upload/sites/jade-dupont-portfolio/versions/7ec65c1572599bd7/files/19267642a8597acaedd7ec440683201d26f313deb85fb216568760fb4eae10dc [none]
[debug] [2022-04-03T14:30:26.086Z] >>> [apiv2][body] POST https://upload-firebasehosting.googleapis.com/upload/sites/jade-dupont-portfolio/versions/7ec65c1572599bd7/files/19267642a8597acaedd7ec440683201d26f313deb85fb216568760fb4eae10dc [stream]
[debug] [2022-04-03T14:30:26.087Z] >>> [apiv2][query] POST https://upload-firebasehosting.googleapis.com/upload/sites/jade-dupont-portfolio/versions/7ec65c1572599bd7/files/acc4fe217108d93aae2705168fcad048a3fcc35c3babd4bd11066723ea4b5e15 [none]
[debug] [2022-04-03T14:30:26.087Z] >>> [apiv2][body] POST https://upload-firebasehosting.googleapis.com/upload/sites/jade-dupont-portfolio/versions/7ec65c1572599bd7/files/acc4fe217108d93aae2705168fcad048a3fcc35c3babd4bd11066723ea4b5e15 [stream]
[debug] [2022-04-03T14:30:26.087Z] >>> [apiv2][query] POST https://upload-firebasehosting.googleapis.com/upload/sites/jade-dupont-portfolio/versions/7ec65c1572599bd7/files/2733db0ce062f5198d34ac79a3a50f8b023ed573c2efba3ffd2d9175364dad67 [none]
[debug] [2022-04-03T14:30:26.087Z] >>> [apiv2][body] POST https://upload-firebasehosting.googleapis.com/upload/sites/jade-dupont-portfolio/versions/7ec65c1572599bd7/files/2733db0ce062f5198d34ac79a3a50f8b023ed573c2efba3ffd2d9175364dad67 [stream]
[debug] [2022-04-03T14:30:26.088Z] >>> [apiv2][query] POST https://upload-firebasehosting.googleapis.com/upload/sites/jade-dupont-portfolio/versions/7ec65c1572599bd7/files/44556b6c5724bf3909a1402e18e209524491ae24ea930dce55eacd2582f5a15c [none]
[debug] [2022-04-03T14:30:26.088Z] >>> [apiv2][body] POST https://upload-firebasehosting.googleapis.com/upload/sites/jade-dupont-portfolio/versions/7ec65c1572599bd7/files/44556b6c5724bf3909a1402e18e209524491ae24ea930dce55eacd2582f5a15c [stream]
[debug] [2022-04-03T14:30:26.089Z] >>> [apiv2][query] POST https://upload-firebasehosting.googleapis.com/upload/sites/jade-dupont-portfolio/versions/7ec65c1572599bd7/files/606da29717fe935e3927aa3d2952ad80657a01f4ce0ab140b769361e50d50b23 [none]
[debug] [2022-04-03T14:30:26.089Z] >>> [apiv2][body] POST https://upload-firebasehosting.googleapis.com/upload/sites/jade-dupont-portfolio/versions/7ec65c1572599bd7/files/606da29717fe935e3927aa3d2952ad80657a01f4ce0ab140b769361e50d50b23 [stream]
[debug] [2022-04-03T14:30:26.090Z] [hosting][populate queue][FINAL] {"max":1647,"min":1647,"avg":1647,"active":0,"complete":1,"success":1,"errored":0,"retried":0,"total":1,"elapsed":1691}
[debug] [2022-04-03T14:30:26.090Z] [hosting] uploads queued: 53
[debug] [2022-04-03T14:30:28.047Z] <<< [apiv2][status] POST https://upload-firebasehosting.googleapis.com/upload/sites/jade-dupont-portfolio/versions/7ec65c1572599bd7/files/4f3256417ecb0c5c8cc8eb405c40fa24387edabf7b64bb5c2c4835c3a89da4a7 200
[debug] [2022-04-03T14:30:28.047Z] <<< [apiv2][body] POST https://upload-firebasehosting.googleapis.com/upload/sites/jade-dupont-portfolio/versions/7ec65c1572599bd7/files/4f3256417ecb0c5c8cc8eb405c40fa24387edabf7b64bb5c2c4835c3a89da4a7 [stream]
[debug] [2022-04-03T14:30:28.149Z] <<< [apiv2][status] POST https://upload-firebasehosting.googleapis.com/upload/sites/jade-dupont-portfolio/versions/7ec65c1572599bd7/files/ff2cf90404f6605ec8780a9644309b8c79c3b8be1fce0863d6c7273533e95708 200
[debug] [2022-04-03T14:30:28.149Z] <<< [apiv2][body] POST https://upload-firebasehosting.googleapis.com/upload/sites/jade-dupont-portfolio/versions/7ec65c1572599bd7/files/ff2cf90404f6605ec8780a9644309b8c79c3b8be1fce0863d6c7273533e95708 [stream]
[debug] [2022-04-03T14:30:28.171Z] <<< [apiv2][status] POST https://upload-firebasehosting.googleapis.com/upload/sites/jade-dupont-portfolio/versions/7ec65c1572599bd7/files/3a29a779c78c364121cc4240ee6c9f1ab92e1bd2297e522fabbd2d6632b858fe 200
[debug] [2022-04-03T14:30:28.171Z] <<< [apiv2][body] POST https://upload-firebasehosting.googleapis.com/upload/sites/jade-dupont-portfolio/versions/7ec65c1572599bd7/files/3a29a779c78c364121cc4240ee6c9f1ab92e1bd2297e522fabbd2d6632b858fe [stream]
[debug] [2022-04-03T14:30:28.195Z] <<< [apiv2][status] POST https://upload-firebasehosting.googleapis.com/upload/sites/jade-dupont-portfolio/versions/7ec65c1572599bd7/files/6a50faa1dfd8b54ac34192734f333698e4429ff183d113702b8d6e349375dac4 200
[debug] [2022-04-03T14:30:28.195Z] <<< [apiv2][body] POST https://upload-firebasehosting.googleapis.com/upload/sites/jade-dupont-portfolio/versions/7ec65c1572599bd7/files/6a50faa1dfd8b54ac34192734f333698e4429ff183d113702b8d6e349375dac4 [stream]
[debug] [2022-04-03T14:30:28.220Z] <<< [apiv2][status] POST https://upload-firebasehosting.googleapis.com/upload/sites/jade-dupont-portfolio/versions/7ec65c1572599bd7/files/8bd59be6fbe88dd1004c8b349830c3dd3fa4ac50b0a20f6bc127f7f4f7e99d53 200
[debug] [2022-04-03T14:30:28.220Z] <<< [apiv2][body] POST https://upload-firebasehosting.googleapis.com/upload/sites/jade-dupont-portfolio/versions/7ec65c1572599bd7/files/8bd59be6fbe88dd1004c8b349830c3dd3fa4ac50b0a20f6bc127f7f4f7e99d53 [stream]
[debug] [2022-04-03T14:30:28.225Z] <<< [apiv2][status] POST https://upload-firebasehosting.googleapis.com/upload/sites/jade-dupont-portfolio/versions/7ec65c1572599bd7/files/52d00a4c0f3f4d7f5509a5282a55360f16501eeeb27755b7837836a8961bfc11 200
[debug] [2022-04-03T14:30:28.225Z] <<< [apiv2][body] POST https://upload-firebasehosting.googleapis.com/upload/sites/jade-dupont-portfolio/versions/7ec65c1572599bd7/files/52d00a4c0f3f4d7f5509a5282a55360f16501eeeb27755b7837836a8961bfc11 [stream]
[debug] [2022-04-03T14:30:28.236Z] <<< [apiv2][status] POST https://upload-firebasehosting.googleapis.com/upload/sites/jade-dupont-portfolio/versions/7ec65c1572599bd7/files/f8f500f748dcbfde018152f978a67e8d59c419ad266bc758f99e66e9e98d2f83 200
[debug] [2022-04-03T14:30:28.237Z] <<< [apiv2][body] POST https://upload-firebasehosting.googleapis.com/upload/sites/jade-dupont-portfolio/versions/7ec65c1572599bd7/files/f8f500f748dcbfde018152f978a67e8d59c419ad266bc758f99e66e9e98d2f83 [stream]
[debug] [2022-04-03T14:30:28.248Z] <<< [apiv2][status] POST https://upload-firebasehosting.googleapis.com/upload/sites/jade-dupont-portfolio/versions/7ec65c1572599bd7/files/44d6fcbc7dd00631dced39735ea37aa5fb83f036036b2172407533706b2e3879 200
[debug] [2022-04-03T14:30:28.249Z] <<< [apiv2][body] POST https://upload-firebasehosting.googleapis.com/upload/sites/jade-dupont-portfolio/versions/7ec65c1572599bd7/files/44d6fcbc7dd00631dced39735ea37aa5fb83f036036b2172407533706b2e3879 [stream]
[debug] [2022-04-03T14:30:28.250Z] <<< [apiv2][status] POST https://upload-firebasehosting.googleapis.com/upload/sites/jade-dupont-portfolio/versions/7ec65c1572599bd7/files/041d37df4f45d8e1b95933b366ed54301cd6b23754b5a74fe6cec4f06b43aa20 200
[debug] [2022-04-03T14:30:28.250Z] <<< [apiv2][body] POST https://upload-firebasehosting.googleapis.com/upload/sites/jade-dupont-portfolio/versions/7ec65c1572599bd7/files/041d37df4f45d8e1b95933b366ed54301cd6b23754b5a74fe6cec4f06b43aa20 [stream]
[debug] [2022-04-03T14:30:28.256Z] <<< [apiv2][status] POST https://upload-firebasehosting.googleapis.com/upload/sites/jade-dupont-portfolio/versions/7ec65c1572599bd7/files/2544ca049f223a42bff01f72ad930a5edba75bbb7199d0f8430a02ff5aca16ec 200
[debug] [2022-04-03T14:30:28.256Z] <<< [apiv2][body] POST https://upload-firebasehosting.googleapis.com/upload/sites/jade-dupont-portfolio/versions/7ec65c1572599bd7/files/2544ca049f223a42bff01f72ad930a5edba75bbb7199d0f8430a02ff5aca16ec [stream]
[debug] [2022-04-03T14:30:28.315Z] <<< [apiv2][status] POST https://upload-firebasehosting.googleapis.com/upload/sites/jade-dupont-portfolio/versions/7ec65c1572599bd7/files/69b18f0b453bfcdc1bb2d457ec2fd22e07ffad3a69dfd531b8da956bb374589d 200
[debug] [2022-04-03T14:30:28.315Z] <<< [apiv2][body] POST https://upload-firebasehosting.googleapis.com/upload/sites/jade-dupont-portfolio/versions/7ec65c1572599bd7/files/69b18f0b453bfcdc1bb2d457ec2fd22e07ffad3a69dfd531b8da956bb374589d [stream]
[debug] [2022-04-03T14:30:28.320Z] <<< [apiv2][status] POST https://upload-firebasehosting.googleapis.com/upload/sites/jade-dupont-portfolio/versions/7ec65c1572599bd7/files/dc53e09ad6a5627641ccd1af4979112585d9d1125d307f283bd7481435f3b6bb 200
[debug] [2022-04-03T14:30:28.320Z] <<< [apiv2][body] POST https://upload-firebasehosting.googleapis.com/upload/sites/jade-dupont-portfolio/versions/7ec65c1572599bd7/files/dc53e09ad6a5627641ccd1af4979112585d9d1125d307f283bd7481435f3b6bb [stream]
[debug] [2022-04-03T14:30:28.375Z] <<< [apiv2][status] POST https://upload-firebasehosting.googleapis.com/upload/sites/jade-dupont-portfolio/versions/7ec65c1572599bd7/files/b2e9a88eeba64bb19a3ee874dc76d7499027e71c70f63de09f5e72e7fe15b2be 200
[debug] [2022-04-03T14:30:28.375Z] <<< [apiv2][body] POST https://upload-firebasehosting.googleapis.com/upload/sites/jade-dupont-portfolio/versions/7ec65c1572599bd7/files/b2e9a88eeba64bb19a3ee874dc76d7499027e71c70f63de09f5e72e7fe15b2be [stream]
[debug] [2022-04-03T14:30:28.427Z] <<< [apiv2][status] POST https://upload-firebasehosting.googleapis.com/upload/sites/jade-dupont-portfolio/versions/7ec65c1572599bd7/files/d3f7efdc5169e7933d57363afff95e7ffc149881b1f55e58125c953652b0f3ce 200
[debug] [2022-04-03T14:30:28.427Z] <<< [apiv2][body] POST https://upload-firebasehosting.googleapis.com/upload/sites/jade-dupont-portfolio/versions/7ec65c1572599bd7/files/d3f7efdc5169e7933d57363afff95e7ffc149881b1f55e58125c953652b0f3ce [stream]
[debug] [2022-04-03T14:30:28.429Z] <<< [apiv2][status] POST https://upload-firebasehosting.googleapis.com/upload/sites/jade-dupont-portfolio/versions/7ec65c1572599bd7/files/9294b2b04ef94a8173c6c307272d8f1a550a1cf7e23a5d1cb2e1be1d6c4d94db 200
[debug] [2022-04-03T14:30:28.429Z] <<< [apiv2][body] POST https://upload-firebasehosting.googleapis.com/upload/sites/jade-dupont-portfolio/versions/7ec65c1572599bd7/files/9294b2b04ef94a8173c6c307272d8f1a550a1cf7e23a5d1cb2e1be1d6c4d94db [stream]
[debug] [2022-04-03T14:30:28.431Z] <<< [apiv2][status] POST https://upload-firebasehosting.googleapis.com/upload/sites/jade-dupont-portfolio/versions/7ec65c1572599bd7/files/031d55dbeb70db6d91df0e927175543ab7cdd3705f2c82cb09b68af88c8c58ee 200
[debug] [2022-04-03T14:30:28.431Z] <<< [apiv2][body] POST https://upload-firebasehosting.googleapis.com/upload/sites/jade-dupont-portfolio/versions/7ec65c1572599bd7/files/031d55dbeb70db6d91df0e927175543ab7cdd3705f2c82cb09b68af88c8c58ee [stream]
[debug] [2022-04-03T14:30:28.452Z] <<< [apiv2][status] POST https://upload-firebasehosting.googleapis.com/upload/sites/jade-dupont-portfolio/versions/7ec65c1572599bd7/files/fe4baa4e929cb77ab24bdac7c47b78c67bf0c503506b0c2ec32c0263351a083c 200
[debug] [2022-04-03T14:30:28.453Z] <<< [apiv2][body] POST https://upload-firebasehosting.googleapis.com/upload/sites/jade-dupont-portfolio/versions/7ec65c1572599bd7/files/fe4baa4e929cb77ab24bdac7c47b78c67bf0c503506b0c2ec32c0263351a083c [stream]
[debug] [2022-04-03T14:30:28.474Z] <<< [apiv2][status] POST https://upload-firebasehosting.googleapis.com/upload/sites/jade-dupont-portfolio/versions/7ec65c1572599bd7/files/0630261d11811753b5a668a22422cc544f615a2fe7321e8bc3e721108d0c4d9c 200
[debug] [2022-04-03T14:30:28.474Z] <<< [apiv2][body] POST https://upload-firebasehosting.googleapis.com/upload/sites/jade-dupont-portfolio/versions/7ec65c1572599bd7/files/0630261d11811753b5a668a22422cc544f615a2fe7321e8bc3e721108d0c4d9c [stream]
[debug] [2022-04-03T14:30:28.494Z] <<< [apiv2][status] POST https://upload-firebasehosting.googleapis.com/upload/sites/jade-dupont-portfolio/versions/7ec65c1572599bd7/files/4bebe96f5fd8abda83476dbcd849b9cd7c2a17325e47d74bb540c88457613ec5 200
[debug] [2022-04-03T14:30:28.494Z] <<< [apiv2][body] POST https://upload-firebasehosting.googleapis.com/upload/sites/jade-dupont-portfolio/versions/7ec65c1572599bd7/files/4bebe96f5fd8abda83476dbcd849b9cd7c2a17325e47d74bb540c88457613ec5 [stream]
[debug] [2022-04-03T14:30:28.495Z] <<< [apiv2][status] POST https://upload-firebasehosting.googleapis.com/upload/sites/jade-dupont-portfolio/versions/7ec65c1572599bd7/files/910cff8f9f8500b3d040ffbc35cc63d5ffc4d8c033fd10053580130a5e9837df 200
[debug] [2022-04-03T14:30:28.495Z] <<< [apiv2][body] POST https://upload-firebasehosting.googleapis.com/upload/sites/jade-dupont-portfolio/versions/7ec65c1572599bd7/files/910cff8f9f8500b3d040ffbc35cc63d5ffc4d8c033fd10053580130a5e9837df [stream]
[debug] [2022-04-03T14:30:28.496Z] <<< [apiv2][status] POST https://upload-firebasehosting.googleapis.com/upload/sites/jade-dupont-portfolio/versions/7ec65c1572599bd7/files/7524286f83124518dffb0b19602705243ce0c617f972568d0520137db24a95c4 200
[debug] [2022-04-03T14:30:28.496Z] <<< [apiv2][body] POST https://upload-firebasehosting.googleapis.com/upload/sites/jade-dupont-portfolio/versions/7ec65c1572599bd7/files/7524286f83124518dffb0b19602705243ce0c617f972568d0520137db24a95c4 [stream]
[debug] [2022-04-03T14:30:28.496Z] <<< [apiv2][status] POST https://upload-firebasehosting.googleapis.com/upload/sites/jade-dupont-portfolio/versions/7ec65c1572599bd7/files/6ff28369f7096d705e3e7af0de547c3f1f6c2d1c42829bed6c0bd8da685f54eb 200
[debug] [2022-04-03T14:30:28.496Z] <<< [apiv2][body] POST https://upload-firebasehosting.googleapis.com/upload/sites/jade-dupont-portfolio/versions/7ec65c1572599bd7/files/6ff28369f7096d705e3e7af0de547c3f1f6c2d1c42829bed6c0bd8da685f54eb [stream]
[debug] [2022-04-03T14:32:01.556Z] ----------------------------------------------------------------------
[debug] [2022-04-03T14:32:01.558Z] Command:       /home/jade/.nvm/versions/node/v12.13.0/bin/node /home/jade/.nvm/versions/node/v12.13.0/bin/firebase deploy
[debug] [2022-04-03T14:32:01.559Z] CLI Version:   10.5.0
[debug] [2022-04-03T14:32:01.559Z] Platform:      linux
[debug] [2022-04-03T14:32:01.559Z] Node Version:  v12.13.0
[debug] [2022-04-03T14:32:01.559Z] Time:          Sun Apr 03 2022 18:32:01 GMT+0400 (GMT+04:00)
[debug] [2022-04-03T14:32:01.559Z] ----------------------------------------------------------------------
[debug] 
[debug] [2022-04-03T14:32:01.629Z] > command requires scopes: ["email","openid","https://www.googleapis.com/auth/cloudplatformprojects.readonly","https://www.googleapis.com/auth/firebase","https://www.googleapis.com/auth/cloud-platform"]
[debug] [2022-04-03T14:32:01.629Z] > authorizing via signed-in user (dupont.jade@gmail.com)
[debug] [2022-04-03T14:32:01.629Z] [iam] checking project jade-dupont-portfolio for permissions ["firebase.projects.get","firebasehosting.sites.update"]
[debug] [2022-04-03T14:32:01.632Z] >>> [apiv2][query] POST https://cloudresourcemanager.googleapis.com/v1/projects/jade-dupont-portfolio:testIamPermissions [none]
[debug] [2022-04-03T14:32:01.632Z] >>> [apiv2][body] POST https://cloudresourcemanager.googleapis.com/v1/projects/jade-dupont-portfolio:testIamPermissions {"permissions":["firebase.projects.get","firebasehosting.sites.update"]}
[debug] [2022-04-03T14:32:02.811Z] <<< [apiv2][status] POST https://cloudresourcemanager.googleapis.com/v1/projects/jade-dupont-portfolio:testIamPermissions 200
[debug] [2022-04-03T14:32:02.812Z] <<< [apiv2][body] POST https://cloudresourcemanager.googleapis.com/v1/projects/jade-dupont-portfolio:testIamPermissions {"permissions":["firebase.projects.get","firebasehosting.sites.update"]}
[debug] [2022-04-03T14:32:02.813Z] >>> [apiv2][query] GET https://firebase.googleapis.com/v1beta1/projects/jade-dupont-portfolio [none]
[debug] [2022-04-03T14:32:03.605Z] <<< [apiv2][status] GET https://firebase.googleapis.com/v1beta1/projects/jade-dupont-portfolio 200
[debug] [2022-04-03T14:32:03.605Z] <<< [apiv2][body] GET https://firebase.googleapis.com/v1beta1/projects/jade-dupont-portfolio {"projectId":"jade-dupont-portfolio","projectNumber":"199011717143","displayName":"jade-dupont-portfolio","name":"projects/jade-dupont-portfolio","resources":{"hostingSite":"jade-dupont-portfolio"},"state":"ACTIVE"}
[info] 
[info] === Deploying to 'jade-dupont-portfolio'...
[info] 
[info] i  deploying hosting 
[debug] [2022-04-03T14:32:03.608Z] >>> [apiv2][query] GET https://firebase.googleapis.com/v1beta1/projects/jade-dupont-portfolio [none]
[debug] [2022-04-03T14:32:04.366Z] <<< [apiv2][status] GET https://firebase.googleapis.com/v1beta1/projects/jade-dupont-portfolio 200
[debug] [2022-04-03T14:32:04.366Z] <<< [apiv2][body] GET https://firebase.googleapis.com/v1beta1/projects/jade-dupont-portfolio {"projectId":"jade-dupont-portfolio","projectNumber":"199011717143","displayName":"jade-dupont-portfolio","name":"projects/jade-dupont-portfolio","resources":{"hostingSite":"jade-dupont-portfolio"},"state":"ACTIVE"}
[debug] [2022-04-03T14:32:04.368Z] >>> [apiv2][query] POST https://firebasehosting.googleapis.com/v1beta1/projects/199011717143/sites/jade-dupont-portfolio/versions [none]
[debug] [2022-04-03T14:32:04.369Z] >>> [apiv2][body] POST https://firebasehosting.googleapis.com/v1beta1/projects/199011717143/sites/jade-dupont-portfolio/versions {"config":{"rewrites":[{"glob":"**","path":"/index.html"}]},"labels":{"deployment-tool":"cli-firebase"}}
[debug] [2022-04-03T14:32:05.982Z] <<< [apiv2][status] POST https://firebasehosting.googleapis.com/v1beta1/projects/199011717143/sites/jade-dupont-portfolio/versions 200
[debug] [2022-04-03T14:32:05.982Z] <<< [apiv2][body] POST https://firebasehosting.googleapis.com/v1beta1/projects/199011717143/sites/jade-dupont-portfolio/versions {"name":"projects/199011717143/sites/jade-dupont-portfolio/versions/d5fdfadfc925ec15","status":"CREATED","config":{"rewrites":[{"glob":"**","path":"/index.html"}]},"labels":{"deployment-tool":"cli-firebase"}}
[info] i  hosting[jade-dupont-portfolio]: beginning deploy... 
[info] i  hosting[jade-dupont-portfolio]: found 53 files in build 
[debug] [2022-04-03T14:32:06.004Z] [hosting] uploading with 200 concurrency
[debug] [2022-04-03T14:32:06.010Z] [hosting] hash cache [YnVpbGQ] stored for 53 files
[debug] [2022-04-03T14:32:06.010Z] [hosting][hash queue][FINAL] {"max":3,"min":0,"avg":0.9423223345470444,"active":0,"complete":53,"success":53,"errored":0,"retried":0,"total":53,"elapsed":4}
[debug] [2022-04-03T14:32:06.011Z] >>> [apiv2][query] POST https://firebasehosting.googleapis.com/v1beta1/projects/199011717143/sites/jade-dupont-portfolio/versions/d5fdfadfc925ec15:populateFiles [none]
[debug] [2022-04-03T14:32:06.011Z] >>> [apiv2][body] POST https://firebasehosting.googleapis.com/v1beta1/projects/199011717143/sites/jade-dupont-portfolio/versions/d5fdfadfc925ec15:populateFiles {"files":{"/asset-manifest.json":"041d37df4f45d8e1b95933b366ed54301cd6b23754b5a74fe6cec4f06b43aa20","/favicon.ico":"8bd59be6fbe88dd1004c8b349830c3dd3fa4ac50b0a20f6bc127f7f4f7e99d53","/index.html":"ff2cf90404f6605ec8780a9644309b8c79c3b8be1fce0863d6c7273533e95708","/robots.txt":"2544ca049f223a42bff01f72ad930a5edba75bbb7199d0f8430a02ff5aca16ec","/fonts/Anonymous_Pro/AnonymousPro-Bold.ttf":"19267642a8597acaedd7ec440683201d26f313deb85fb216568760fb4eae10dc","/fonts/Anonymous_Pro/AnonymousPro-BoldItalic.ttf":"dd1489a2739d0f91dde17e88b3d8f75257390623ee2afad313b1cd8480f39bdb","/fonts/Anonymous_Pro/AnonymousPro-Italic.ttf":"dc1e3d8402019ba951b9818d3fcfbbfa756b14192cbe232b6b574c16447a9428","/fonts/Anonymous_Pro/AnonymousPro-Regular.ttf":"d3f7efdc5169e7933d57363afff95e7ffc149881b1f55e58125c953652b0f3ce","/fonts/Anonymous_Pro/OFL.txt":"031d55dbeb70db6d91df0e927175543ab7cdd3705f2c82cb09b68af88c8c58ee","/fonts/Roboto/LICENSE.txt":"4f3256417ecb0c5c8cc8eb405c40fa24387edabf7b64bb5c2c4835c3a89da4a7","/fonts/Roboto/Roboto-Black.ttf":"1319e76e3e41e8f359a4d4e8e6683c9093a8c586473052f6f648a555b05bfe2f","/fonts/Roboto/Roboto-BlackItalic.ttf":"c5201be859443593bfb44ce6d6df72e07683b83dc760d16b220e8db0102f4767","/fonts/Roboto/Roboto-Bold.ttf":"4bebe96f5fd8abda83476dbcd849b9cd7c2a17325e47d74bb540c88457613ec5","/fonts/Roboto/Roboto-BoldItalic.ttf":"fe26d929489bad417adc83a610fbb7b344405b4067e0a5109b7038d95c60c52d","/fonts/Roboto/Roboto-Italic.ttf":"12f52b5b7d34b079c9167ec0db875b4a834b63eafe17f62099a66d36856e683f","/fonts/Roboto/Roboto-Light.ttf":"f62262a7a8dded11e8ecf5db2dfc39d4cee5adc815c9c3756609c07a5831b68d","/fonts/Roboto/Roboto-LightItalic.ttf":"ac3cd81228abb1a0723a149258ed6b0bbf2c6fcfb428c1c21f7bb8ba98cd4c06","/fonts/Roboto/Roboto-Medium.ttf":"0630261d11811753b5a668a22422cc544f615a2fe7321e8bc3e721108d0c4d9c","/fonts/Roboto/Roboto-MediumItalic.ttf":"fd57cd3938a82a0758bde303b47f28f5f08b39d5a88103a5e5c0fe68450fd050","/fonts/Roboto/Roboto-Regular.ttf":"6ff28369f7096d705e3e7af0de547c3f1f6c2d1c42829bed6c0bd8da685f54eb","/fonts/Roboto/Roboto-Thin.ttf":"bcf229894f2fb8fdbfb7685b373866eb028ab89ce1214b131b4ebc43e1dc49ec","/fonts/Roboto/Roboto-ThinItalic.ttf":"aedba65aeb41aa147ed3c08f5145ec87952217b530e5872afd1daf0ffbe09a51","/images/contact.svg":"7d56c228a81ec3d0130281d9012aa266025d28d66e55dd46489048a532c09bb6","/images/remote.svg":"9a6e0d3dac4a6c133be4e3a4c42cbd1da3021d102f66f9bc165b0b39da13fa2d","/images/remote2.svg":"f8f500f748dcbfde018152f978a67e8d59c419ad266bc758f99e66e9e98d2f83","/images/webapp.svg":"b2e9a88eeba64bb19a3ee874dc76d7499027e71c70f63de09f5e72e7fe15b2be","/images/logo/dark_logo.svg":"3a29a779c78c364121cc4240ee6c9f1ab92e1bd2297e522fabbd2d6632b858fe","/images/logo/green_logo.svg":"84775f4af3b1f3d87a9357b6f6f0e4d2cb150c262f58c33acfcd73e8e97cbb0c","/images/work/work_CV.PNG":"af90840303c41972e768aaf3d1231c6f2ca01a4769fc41f08336a9f8989eef56","/images/work/work_auction.PNG":"44556b6c5724bf3909a1402e18e209524491ae24ea930dce55eacd2582f5a15c","/images/work/work_default.png":"52d00a4c0f3f4d7f5509a5282a55360f16501eeeb27755b7837836a8961bfc11","/images/work/work_gina.png":"606da29717fe935e3927aa3d2952ad80657a01f4ce0ab140b769361e50d50b23","/images/work/work_local.PNG":"0c79fd52a64e56c8d6feb7a64d7c27f393e072ec4fea132b3b248a052ab3c7a4","/images/work/work_sezam.png":"fe0619bfd2f4716eac00e1298e8d33732fcb9a8b66d210756759e577980e34b1","/images/work/work_sezam2.png":"7f417d8b621970212974f5e4b5ec7e215ac398943f066e42a99fb5526550dc7e","/images/work/work_surfcamp.PNG":"acc4fe217108d93aae2705168fcad048a3fcc35c3babd4bd11066723ea4b5e15","/images/work/work_yuzuki.PNG":"a5a1112d51b047ac288300d0a48708550b5220e2436f8ca6a9e298e9a60b754b","/images/work/work_yuzuki2.PNG":"c7712b1f1fa37d90ecad7c8e75864debf493a6afa97576d85261e102b6a5abf5","/static/css/main.b69031e7.css":"bb11c42efd6bbad8ed4e120dd0bcb8072f00a544189fae077d53318eb5076f15","/static/css/main.b69031e7.css.map":"44d6fcbc7dd00631dced39735ea37aa5fb83f036036b2172407533706b2e3879","/static/js/main.f5b695d7.js":"2d397518b8144bd4e46e2b622caf314612cde9e9c06e622660ae7675c1c164a7","/static/js/main.f5b695d7.js.LICENSE.txt":"dc53e09ad6a5627641ccd1af4979112585d9d1125d307f283bd7481435f3b6bb","/static/js/main.f5b695d7.js.map":"2d6443926aa7b2155653a35a15ad5c920648ed0eb004fce2e72eeac6ce651afd","/static/media/cv_fr.fd43a48119074e59248c.pdf":"fe4baa4e929cb77ab24bdac7c47b78c67bf0c503506b0c2ec32c0263351a083c","/static/media/fi-rr-chart-histogram.05a3fed0cd590c5db092d80837c1b2bf.svg":"7524286f83124518dffb0b19602705243ce0c617f972568d0520137db24a95c4","/static/media/fi-rr-chart-network.784598b1ca43625a04e7ac0f9213c079.svg":"910cff8f9f8500b3d040ffbc35cc63d5ffc4d8c033fd10053580130a5e9837df","/static/media/fi-rr-chart-pie-alt.b79d07c79fa753503582469f9921d203.svg":"9aa7ab6f6387ec1310192dc9e8668579e3cc49057f8fc0bd12e16706833c533c","/static/media/fi-rr-download.3668d7d49ed3850af7c2d24ada949287.svg":"6a50faa1dfd8b54ac34192734f333698e4429ff183d113702b8d6e349375dac4","/static/media/fi-rr-rocket.ca8a96db6f2a0dec9eba7b114b2a93c2.svg":"69b18f0b453bfcdc1bb2d457ec2fd22e07ffad3a69dfd531b8da956bb374589d","/static/media/projet1.996cb1d1e9c47cfe8d92.jpg":"ce02b4cc32e60411bfaeb2a7c2b2a069d99a8e8aab5edfc5a120886fa1e24431","/static/media/projet2.f236d9f462e3ec0969fe.jpg":"9294b2b04ef94a8173c6c307272d8f1a550a1cf7e23a5d1cb2e1be1d6c4d94db","/static/media/projet3.8e4c42a2e3d139f42d2f.jpg":"2733db0ce062f5198d34ac79a3a50f8b023ed573c2efba3ffd2d9175364dad67","/static/media/projet4.84f860c5567a9d254ea0.jpg":"5346e0c01088e7337a4c9f17745db043aaa9afe89176d25dd552b7d5cc52f5a2"}}
[debug] [2022-04-03T14:32:07.659Z] <<< [apiv2][status] POST https://firebasehosting.googleapis.com/v1beta1/projects/199011717143/sites/jade-dupont-portfolio/versions/d5fdfadfc925ec15:populateFiles 200
[debug] [2022-04-03T14:32:07.659Z] <<< [apiv2][body] POST https://firebasehosting.googleapis.com/v1beta1/projects/199011717143/sites/jade-dupont-portfolio/versions/d5fdfadfc925ec15:populateFiles {"uploadUrl":"https://upload-firebasehosting.googleapis.com/upload/sites/jade-dupont-portfolio/versions/d5fdfadfc925ec15/files"}
[debug] [2022-04-03T14:32:07.660Z] [hosting][populate queue][FINAL] {"max":1651,"min":1651,"avg":1651,"active":0,"complete":1,"success":1,"errored":0,"retried":0,"total":1,"elapsed":1651}
[debug] [2022-04-03T14:32:07.660Z] [hosting] uploads queued: 0
[debug] [2022-04-03T14:32:07.660Z] [hosting][upload queue][FINAL] {"max":0,"min":9999999999,"avg":0,"active":0,"complete":0,"success":0,"errored":0,"retried":0,"total":0,"elapsed":1648996327660}
[info]   hosting[jade-dupont-portfolio]: file upload complete 
[debug] [2022-04-03T14:32:07.661Z] [hosting] deploy completed after 1678ms
[debug] [2022-04-03T14:32:07.661Z] [
  {
    "config": {
      "public": "build",
      "ignore": [
        "firebase.json",
        "**/.*",
        "**/node_modules/**"
      ],
      "rewrites": [
        {
          "source": "**",
          "destination": "/index.html"
        }
      ],
      "site": "jade-dupont-portfolio"
    },
    "site": "jade-dupont-portfolio",
    "version": "projects/199011717143/sites/jade-dupont-portfolio/versions/d5fdfadfc925ec15"
  }
]
[info] i  hosting[jade-dupont-portfolio]: finalizing version... 
[debug] [2022-04-03T14:32:07.663Z] >>> [apiv2][query] PATCH https://firebasehosting.googleapis.com/v1beta1/projects/199011717143/sites/jade-dupont-portfolio/versions/d5fdfadfc925ec15 updateMask=status
[debug] [2022-04-03T14:32:07.663Z] >>> [apiv2][body] PATCH https://firebasehosting.googleapis.com/v1beta1/projects/199011717143/sites/jade-dupont-portfolio/versions/d5fdfadfc925ec15 {"status":"FINALIZED"}
